Resolved 81 packages in 3.39s
Downloading dash (7.4MiB)
Downloading networkx (2.0MiB)
Downloading plotly (18.2MiB)
Downloading pandas (10.8MiB)
Downloading matplotlib (8.8MiB)
Downloading pygments (1.2MiB)
Downloading libpysal (2.4MiB)
Downloading pyproj (4.4MiB)
Downloading scipy (28.9MiB)
Downloading scikit-learn (10.5MiB)
Downloading pillow (4.5MiB)
Downloading fonttools (2.7MiB)
Downloading shapely (1.6MiB)
Downloading pyarrow (33.4MiB)
Downloading numpy (13.3MiB)
Downloading pyogrio (22.6MiB)
Downloading fiona (14.1MiB)
   Building cenpy==1.0.1
      Built cenpy==1.0.1
 Downloaded pygments
 Downloaded shapely
 Downloaded networkx
 Downloaded libpysal
 Downloaded fonttools
 Downloaded pyproj
 Downloaded pillow
 Downloaded dash
 Downloaded matplotlib
 Downloaded scikit-learn
 Downloaded pandas
 Downloaded numpy
 Downloaded fiona
 Downloaded plotly
 Downloaded pyogrio
 Downloaded scipy
 Downloaded pyarrow
Prepared 80 packages in 7.68s
Installed 81 packages in 489ms
 + attrs==26.1.0
 + beautifulsoup4==4.15.0
 + blinker==1.9.0
 + branca==0.8.2
 + cenpy==1.0.1
 + census==0.8.27
 + certifi==2026.5.20
 + charset-normalizer==3.4.7
 + click==8.4.1
 + click-plugins==1.1.1.2
 + cligj==0.7.2
 + contourpy==1.3.3
 + cycler==0.12.1
 + dash==2.18.2
 + dash-bootstrap-components==1.7.1
 + dash-core-components==2.0.0
 + dash-html-components==2.0.0
 + dash-leaflet==1.0.15
 + dash-table==5.0.0
 + esda==2.9.0
 + fiona==1.10.1
 + flask==3.0.3
 + folium==0.20.0
 + fonttools==4.63.0
 + fuzzywuzzy==0.18.0
 + geopandas==1.0.1
 + gtfs-functions==2.7.0
 + h3==4.5.0
 + haversine==2.9.0
 + idna==3.18
 + importlib-metadata==9.0.0
 + iniconfig==2.3.0
 + itsdangerous==2.2.0
 + jenkspy==0.4.1
 + jinja2==3.1.6
 + joblib==1.5.3
 + kiwisolver==1.5.0
 + libpysal==4.14.1
 + markupsafe==3.0.3
 + matplotlib==3.11.0
 + nest-asyncio==1.6.0
 + networkx==3.6.1
 + numpy==1.26.4
 + osmnx==2.1.0
 + packaging==26.2
 + pandas==2.2.3
 + pendulum==3.2.0
 + pillow==12.2.0
 + platformdirs==4.10.0
 + plotly==5.24.1
 + pluggy==1.6.0
 + pyarrow==24.0.0
 + pygments==2.20.0
 + pyogrio==0.12.1
 + pyparsing==3.3.2
 + pyproj==3.7.2
 + pytest==9.1.0
 + python-dateutil==2.9.0.post0
 + python-dotenv==1.2.2
 + pytz==2026.2
 + requests==2.34.2
 + retrying==1.4.2
 + rtree==1.4.1
 + scikit-learn==1.5.2
 + scipy==1.13.1
 + seaborn==0.13.2
 + setuptools==82.0.1
 + shapely==2.1.2
 + six==1.17.0
 + soupsieve==2.8.4
 + tenacity==9.1.4
 + threadpoolctl==3.6.0
 + tqdm==4.68.2
 + typing-extensions==4.15.0
 + tzdata==2026.2
 + unicode==2.9
 + urllib3==2.7.0
 + utm==0.8.1
 + werkzeug==3.0.6
 + xyzservices==2026.3.0
 + zipp==4.1.0
